Merging plugins...
Copying object to master: ACTI vv23_Furn_DwrvButtonPump
Copying object to master: CREA vv23_Dwe_SpiderBrrlDead
Copying object to master: SCPT vv23_waterexplosion_s
Copying object to master: SCPT vv23_SpiderBrrlUni_s
Copying object to master: GLOB vv23_BarrelValve
Copying object to master: SCPT vv23_barrelFiller_s
Copying object to master: ACTI vv23_DwrvBarrelStop
Copying object to master: SCPT vv23_SpiderBrrlFull_s
Copying object to master: ACTI vv23_Act_BarrelFiller
Copying object to master: SCPT vv23_DwrvCrankValve_s
Copying object to master: CREA vv23_Dwe_SpiderBrrlUni
Merging object to master: CELL Bthumzchekar, Pumping Station
Copying object to master: SCPT vv23_DwrvBarrelStop_s
Copying object to master: MISC vv23_Misc_DwrvBarrelCentUni
Copying object to master: ACTI vv23_fx_waterexplosion
Copying object to master: PGRD Monastery of Order, Crystallography Lab (0, 0)
Copying object to master: ACTI vv23_Furn_DwrvCrankValve
Copying object to master: BOOK vv23_bk_DwrvPump
Copying object to master: GLOB vv23_BarrelState
Merging object to master: PGRD Bthumzchekar, Pumping Station (0, 0)
Copying object to master: SCPT vv23_DwrvButtonPump_s
Copying object to master: SCPT vv23_BkDwrvPump
Merging object to master: CELL Monastery of Order, Crystallography Lab
Copying object to master: CREA vv23_Dwe_SpiderBrrlFull
Copying object to master: MISC vv23_Misc_DwrvWrench
Copying object to master: vv23_dwrvbarrel
Copying object to master: crystals are very sensitive
Merging object to master: greeting 1
Removed duplicate reference: 'vv23_In_JygDais' at [3856.0, 4112.0, 15808.0] from cell 'Monastery of Order, Crystallography Lab'
Removed duplicate reference: 'vv23_tendil' at [3793.711, 4344.044, 15807.243] from cell 'Monastery of Order, Crystallography Lab'
Removed duplicate reference: 'AB_In_DwrvPipeFit_n' at [4144.0, 3008.0, 320.0] from cell 'Bthumzchekar, Pumping Station'
Removed duplicate reference: 'AB_In_DwrvPipeFit_n' at [3728.0005, 4256.0, 320.0] from cell 'Bthumzchekar, Pumping Station'
Removed duplicate reference: 'AB_In_DwrvPipeFit_n' at [4240.0, 4256.0, 320.0] from cell 'Bthumzchekar, Pumping Station'
Removed duplicate reference: 'AB_In_DwrvRoomWallCorn' at [4624.0, 3984.0002, -96.0] from cell 'Bthumzchekar, Pumping Station'
Removed duplicate reference: 'AB_In_DwrvPipeFit_t_cap' at [4112.0, 4256.0, 320.0] from cell 'Bthumzchekar, Pumping Station'
Removed duplicate reference: 'AB_In_DwrvPipeFit_t_cap' at [4304.0, 4256.0, 320.0] from cell 'Bthumzchekar, Pumping Station'
Removed duplicate reference: 'AB_In_DwrvPipeFit_t_cap' at [4368.0, 2944.0, 320.0] from cell 'Bthumzchekar, Pumping Station'
Removed duplicate reference: 'AB_In_DwrvRoomWallSide' at [4048.0, 4176.0, 160.0] from cell 'Bthumzchekar, Pumping Station'
Removed duplicate reference: 'AB_In_DwrvPipeFit_l' at [4624.0015, 2944.001, 320.00006] from cell 'Bthumzchekar, Pumping Station'
Removed duplicate reference: 'AB_In_DwrvPipeFit_l' at [3856.0005, 4256.0, 320.0] from cell 'Bthumzchekar, Pumping Station'
Creating backup...
Saving results...
Finished!
